<?xml version="1.0" encoding="UTF-8"?>
<!-- Generated by org.testng.reporters.JUnitReportReporter -->
<testsuite hostname="PC350015" name="SaveAndDelete.Credit_Save" tests="1" failures="0" timestamp="28 Jun 2018 04:52:38 GMT" time="72.017" errors="0">
  <testcase name="CreditSave" time="72.017" classname="SaveAndDelete.Credit_Save"/>
</testsuite> <!-- SaveAndDelete.Credit_Save -->
