<?xml version="1.0" encoding="UTF-8"?>
<!-- Generated by org.testng.reporters.JUnitReportReporter -->
<testsuite hostname="PC350015" name="SaveAndDelete.Credit_Card_Save" tests="1" failures="0" timestamp="28 Jun 2018 04:54:18 GMT" time="71.082" errors="0">
  <testcase name="CreditCardSave" time="71.082" classname="SaveAndDelete.Credit_Card_Save"/>
</testsuite> <!-- SaveAndDelete.Credit_Card_Save -->
