<?xml version="1.0" encoding="UTF-8"?>
<!-- Generated by org.testng.reporters.JUnitReportReporter -->
<testsuite hostname="PC350015" name="SaveAndDelete.Credit_Card_Save_Within_DeadLine" tests="1" failures="0" timestamp="28 Jun 2018 04:59:50 GMT" time="71.671" errors="0">
  <testcase name="CreditCardSaveWithinDeadLine" time="71.671" classname="SaveAndDelete.Credit_Card_Save_Within_DeadLine"/>
</testsuite> <!-- SaveAndDelete.Credit_Card_Save_Within_DeadLine -->
