<?xml version="1.0" encoding="UTF-8"?>
<!-- Generated by org.testng.reporters.JUnitReportReporter -->
<testsuite hostname="PC350015" name="SaveAndDelete.Credit_Save_Within_DeadLine" tests="1" failures="0" timestamp="28 Jun 2018 04:56:44 GMT" time="74.972" errors="0">
  <testcase name="CreditSaveWithinDeadLine" time="74.972" classname="SaveAndDelete.Credit_Save_Within_DeadLine"/>
</testsuite> <!-- SaveAndDelete.Credit_Save_Within_DeadLine -->
